<?xml version="1.0" encoding="UTF-8"?>
<testng-results ignored="0" total="1" passed="1" failed="0" skipped="0">
  <reporter-output>
  </reporter-output>
  <suite started-at="2022-09-29T15:01:27 WIB" name="Default suite" finished-at="2022-09-29T15:01:27 WIB" duration-ms="528">
    <groups>
      <group name="cucumber">
        <method signature="AbstractTestNGCucumberTests.runScenario(io.cucumber.testng.PickleWrapper,io.cucumber.testng.FeatureWrapper)[pri:0, instance:com.TestSoal.Palindrome.TestRunner@55b7a4e0]" name="runScenario" class="io.cucumber.testng.AbstractTestNGCucumberTests"/>
      </group> <!-- cucumber -->
    </groups>
    <test started-at="2022-09-29T15:01:27 WIB" name="Default test" finished-at="2022-09-29T15:01:27 WIB" duration-ms="528">
      <class name="com.TestSoal.Palindrome.TestRunner">
        <test-method is-config="true" signature="setUpClass(org.testng.ITestContext)[pri:0, instance:com.TestSoal.Palindrome.TestRunner@55b7a4e0]" started-at="2022-09-29T15:01:27 WIB" name="setUpClass" finished-at="2022-09-29T15:01:27 WIB" duration-ms="406" status="PASS">
          <params>
            <param index="0">
              <value>
                <![CDATA[org.testng.TestRunner@52500920]]>
              </value>
            </param>
          </params>
          <reporter-output>
          </reporter-output>
        </test-method> <!-- setUpClass -->
        <test-method signature="runScenario(io.cucumber.testng.PickleWrapper,io.cucumber.testng.FeatureWrapper)[pri:0, instance:com.TestSoal.Palindrome.TestRunner@55b7a4e0]" started-at="2022-09-29T15:01:27 WIB" name="runScenario" description="Runs Cucumber Scenarios" data-provider="scenarios" finished-at="2022-09-29T15:01:27 WIB" duration-ms="69" status="PASS">
          <params>
            <param index="0">
              <value>
                <![CDATA["palindrom"]]>
              </value>
            </param>
            <param index="1">
              <value>
                <![CDATA["Palindrom test"]]>
              </value>
            </param>
          </params>
          <reporter-output>
          </reporter-output>
        </test-method> <!-- runScenario -->
        <test-method is-config="true" signature="tearDownClass()[pri:0, instance:com.TestSoal.Palindrome.TestRunner@55b7a4e0]" started-at="2022-09-29T15:01:27 WIB" name="tearDownClass" finished-at="2022-09-29T15:01:27 WIB" duration-ms="25" status="PASS">
          <reporter-output>
          </reporter-output>
        </test-method> <!-- tearDownClass -->
      </class> <!-- com.TestSoal.Palindrome.TestRunner -->
    </test> <!-- Default test -->
  </suite> <!-- Default suite -->
</testng-results>
